2017-06-19 21:54:05 [-][-][-][error][ReflectionException] exception 'ReflectionException' with message 'Class console\controllers\BackendActions\GameRobotRechargeAction does not exist' in D:\XAMPP\htdocs\version2\version1\vendor\yiisoft\yii2\di\Container.php:417
Stack trace:
#0 D:\XAMPP\htdocs\version2\version1\vendor\yiisoft\yii2\di\Container.php(417): ReflectionClass->__construct('console\\control...')
#1 D:\XAMPP\htdocs\version2\version1\vendor\yiisoft\yii2\di\Container.php(360): yii\di\Container->getDependencies('console\\control...')
#2 D:\XAMPP\htdocs\version2\version1\vendor\yiisoft\yii2\di\Container.php(153): yii\di\Container->build('console\\control...', Array, Array)
#3 D:\XAMPP\htdocs\version2\version1\vendor\yiisoft\yii2\BaseYii.php(340): yii\di\Container->get('console\\control...', Array)
#4 D:\XAMPP\htdocs\version2\version1\vendor\yiisoft\yii2\base\Controller.php(222): yii\BaseYii::createObject('console\\control...', Array)
#5 D:\XAMPP\htdocs\version2\version1\vendor\yiisoft\yii2\console\controllers\HelpController.php(230): yii\base\Controller->createAction('robotcharge')
#6 D:\XAMPP\htdocs\version2\version1\vendor\yiisoft\yii2\console\controllers\HelpController.php(67): yii\console\controllers\HelpController->getDefaultHelp()
#7 [internal function]: yii\console\controllers\HelpController->actionIndex(NULL)
#8 D:\XAMPP\htdocs\version2\version1\vendor\yiisoft\yii2\base\InlineAction.php(55): call_user_func_array(Array, Array)
#9 D:\XAMPP\htdocs\version2\version1\vendor\yiisoft\yii2\base\Controller.php(154): yii\base\InlineAction->runWithParams(Array)
#10 D:\XAMPP\htdocs\version2\version1\vendor\yiisoft\yii2\console\Controller.php(108): yii\base\Controller->runAction('', Array)
#11 D:\XAMPP\htdocs\version2\version1\vendor\yiisoft\yii2\base\Module.php(454): yii\console\Controller->runAction('', Array)
#12 D:\XAMPP\htdocs\version2\version1\vendor\yiisoft\yii2\console\Application.php(167): yii\base\Module->runAction('', Array)
#13 D:\XAMPP\htdocs\version2\version1\vendor\yiisoft\yii2\console\Application.php(143): yii\console\Application->runAction('', Array)
#14 D:\XAMPP\htdocs\version2\version1\vendor\yiisoft\yii2\base\Application.php(378): yii\console\Application->handleRequest(Object(yii\console\Request))
#15 D:\XAMPP\htdocs\version2\version1\yii(27): yii\base\Application->run()
#16 {main}
2017-06-19 21:54:05 [-][-][-][info][application] $_SERVER = [
    '#envTSLOGPTGoBase647100' => '1635344'
    '#envTSLOGRBCShellExt7100' => '46236304'
    'ALLUSERSPROFILE' => 'C:\\ProgramData'
    'APPDATA' => 'C:\\Users\\Amp\\AppData\\Roaming'
    'asl_log' => 'Destination=file'
    'CommonProgramFiles' => 'C:\\Program Files (x86)\\Common Files'
    'CommonProgramFiles(x86)' => 'C:\\Program Files (x86)\\Common Files'
    'CommonProgramW6432' => 'C:\\Program Files\\Common Files'
    'COMPUTERNAME' => 'AMP-PC'
    'ComSpec' => 'C:\\Windows\\system32\\cmd.exe'
    'FP_NO_HOST_CHECK' => 'NO'
    'HOMEDRIVE' => 'C:'
    'HOMEPATH' => '\\Users\\Amp'
    'LOCALAPPDATA' => 'C:\\Users\\Amp\\AppData\\Local'
    'LOGONSERVER' => '\\\\AMP-PC'
    'NUMBER_OF_PROCESSORS' => '4'
    'OS' => 'Windows_NT'
    'Path' => 'C:\\ProgramData\\Oracle\\Java\\javapath;C:\\Windows\\system32;C:\\Windows;C:\\Windows\\System32\\Wbem;C:\\Windows\\System32\\WindowsPowerShell\\v1.0\\;C:\\Program Files (x86)\\NVIDIA Corporation\\PhysX\\Common;C:\\Program Files\\TortoiseSVN\\bin;C:\\Program Files (x86)\\Skype\\Phone\\;D:\\XAMPP\\php;C:\\ProgramData\\ComposerSetup\\bin'
    'PATHEXT' => '.COM;.EXE;.BAT;.CMD;.VBS;.VBE;.JS;.JSE;.WSF;.WSH;.MSC'
    'PHP_COMMAND' => 'php.exe'
    'PROCESSOR_ARCHITECTURE' => 'x86'
    'PROCESSOR_ARCHITEW6432' => 'AMD64'
    'PROCESSOR_IDENTIFIER' => 'Intel64 Family 6 Model 60 Stepping 3, GenuineIntel'
    'PROCESSOR_LEVEL' => '6'
    'PROCESSOR_REVISION' => '3c03'
    'ProgramData' => 'C:\\ProgramData'
    'ProgramFiles' => 'C:\\Program Files (x86)'
    'ProgramFiles(x86)' => 'C:\\Program Files (x86)'
    'ProgramW6432' => 'C:\\Program Files'
    'PROMPT' => '$P$G'
    'PSModulePath' => 'C:\\Windows\\system32\\WindowsPowerShell\\v1.0\\Modules\\'
    'PUBLIC' => 'C:\\Users\\Public'
    'ShellLaunch{A81BA54B-CCFE-4204-8E79-A68C0FDFA5CF}' => 'ShellExt'
    'SystemDrive' => 'C:'
    'SystemRoot' => 'C:\\Windows'
    'TEMP' => 'C:\\Users\\Amp\\AppData\\Local\\Temp'
    'TMP' => 'C:\\Users\\Amp\\AppData\\Local\\Temp'
    'USERDOMAIN' => 'Amp-PC'
    'USERNAME' => 'Amp'
    'USERPROFILE' => 'C:\\Users\\Amp'
    'VBOX_MSI_INSTALL_PATH' => 'C:\\Program Files\\Oracle\\VirtualBox\\'
    'windir' => 'C:\\Windows'
    'windows_tracing_flags' => '3'
    'windows_tracing_logfile' => 'C:\\BVTBin\\Tests\\installpackage\\csilogfile.log'
    'YII_PATH' => 'D:\\XAMPP\\htdocs\\version2\\version1\\'
    'PHP_SELF' => 'D:\\XAMPP\\htdocs\\version2\\version1\\yii'
    'SCRIPT_NAME' => 'D:\\XAMPP\\htdocs\\version2\\version1\\yii'
    'SCRIPT_FILENAME' => 'D:\\XAMPP\\htdocs\\version2\\version1\\yii'
    'PATH_TRANSLATED' => 'D:\\XAMPP\\htdocs\\version2\\version1\\yii'
    'DOCUMENT_ROOT' => ''
    'REQUEST_TIME_FLOAT' => 1497880445.1551
    'REQUEST_TIME' => 1497880445
    'argv' => [
        0 => 'D:\\XAMPP\\htdocs\\version2\\version1\\yii'
    ]
    'argc' => 1
]
2017-06-19 21:54:13 [-][-][-][error][ReflectionException] exception 'ReflectionException' with message 'Class console\controllers\BackendActions\GameRobotRechargeAction does not exist' in D:\XAMPP\htdocs\version2\version1\vendor\yiisoft\yii2\di\Container.php:417
Stack trace:
#0 D:\XAMPP\htdocs\version2\version1\vendor\yiisoft\yii2\di\Container.php(417): ReflectionClass->__construct('console\\control...')
#1 D:\XAMPP\htdocs\version2\version1\vendor\yiisoft\yii2\di\Container.php(360): yii\di\Container->getDependencies('console\\control...')
#2 D:\XAMPP\htdocs\version2\version1\vendor\yiisoft\yii2\di\Container.php(153): yii\di\Container->build('console\\control...', Array, Array)
#3 D:\XAMPP\htdocs\version2\version1\vendor\yiisoft\yii2\BaseYii.php(340): yii\di\Container->get('console\\control...', Array)
#4 D:\XAMPP\htdocs\version2\version1\vendor\yiisoft\yii2\base\Controller.php(222): yii\BaseYii::createObject('console\\control...', Array)
#5 D:\XAMPP\htdocs\version2\version1\vendor\yiisoft\yii2\console\controllers\HelpController.php(230): yii\base\Controller->createAction('robotcharge')
#6 D:\XAMPP\htdocs\version2\version1\vendor\yiisoft\yii2\console\controllers\HelpController.php(67): yii\console\controllers\HelpController->getDefaultHelp()
#7 [internal function]: yii\console\controllers\HelpController->actionIndex(NULL)
#8 D:\XAMPP\htdocs\version2\version1\vendor\yiisoft\yii2\base\InlineAction.php(55): call_user_func_array(Array, Array)
#9 D:\XAMPP\htdocs\version2\version1\vendor\yiisoft\yii2\base\Controller.php(154): yii\base\InlineAction->runWithParams(Array)
#10 D:\XAMPP\htdocs\version2\version1\vendor\yiisoft\yii2\console\Controller.php(108): yii\base\Controller->runAction('', Array)
#11 D:\XAMPP\htdocs\version2\version1\vendor\yiisoft\yii2\base\Module.php(454): yii\console\Controller->runAction('', Array)
#12 D:\XAMPP\htdocs\version2\version1\vendor\yiisoft\yii2\console\Application.php(167): yii\base\Module->runAction('', Array)
#13 D:\XAMPP\htdocs\version2\version1\vendor\yiisoft\yii2\console\Application.php(143): yii\console\Application->runAction('', Array)
#14 D:\XAMPP\htdocs\version2\version1\vendor\yiisoft\yii2\base\Application.php(378): yii\console\Application->handleRequest(Object(yii\console\Request))
#15 D:\XAMPP\htdocs\version2\version1\yii(27): yii\base\Application->run()
#16 {main}
2017-06-19 21:54:13 [-][-][-][info][application] $_SERVER = [
    '#envTSLOGPTGoBase647100' => '1635344'
    '#envTSLOGRBCShellExt7100' => '46236304'
    'ALLUSERSPROFILE' => 'C:\\ProgramData'
    'APPDATA' => 'C:\\Users\\Amp\\AppData\\Roaming'
    'asl_log' => 'Destination=file'
    'CommonProgramFiles' => 'C:\\Program Files (x86)\\Common Files'
    'CommonProgramFiles(x86)' => 'C:\\Program Files (x86)\\Common Files'
    'CommonProgramW6432' => 'C:\\Program Files\\Common Files'
    'COMPUTERNAME' => 'AMP-PC'
    'ComSpec' => 'C:\\Windows\\system32\\cmd.exe'
    'FP_NO_HOST_CHECK' => 'NO'
    'HOMEDRIVE' => 'C:'
    'HOMEPATH' => '\\Users\\Amp'
    'LOCALAPPDATA' => 'C:\\Users\\Amp\\AppData\\Local'
    'LOGONSERVER' => '\\\\AMP-PC'
    'NUMBER_OF_PROCESSORS' => '4'
    'OS' => 'Windows_NT'
    'Path' => 'C:\\ProgramData\\Oracle\\Java\\javapath;C:\\Windows\\system32;C:\\Windows;C:\\Windows\\System32\\Wbem;C:\\Windows\\System32\\WindowsPowerShell\\v1.0\\;C:\\Program Files (x86)\\NVIDIA Corporation\\PhysX\\Common;C:\\Program Files\\TortoiseSVN\\bin;C:\\Program Files (x86)\\Skype\\Phone\\;D:\\XAMPP\\php;C:\\ProgramData\\ComposerSetup\\bin'
    'PATHEXT' => '.COM;.EXE;.BAT;.CMD;.VBS;.VBE;.JS;.JSE;.WSF;.WSH;.MSC'
    'PHP_COMMAND' => 'php.exe'
    'PROCESSOR_ARCHITECTURE' => 'x86'
    'PROCESSOR_ARCHITEW6432' => 'AMD64'
    'PROCESSOR_IDENTIFIER' => 'Intel64 Family 6 Model 60 Stepping 3, GenuineIntel'
    'PROCESSOR_LEVEL' => '6'
    'PROCESSOR_REVISION' => '3c03'
    'ProgramData' => 'C:\\ProgramData'
    'ProgramFiles' => 'C:\\Program Files (x86)'
    'ProgramFiles(x86)' => 'C:\\Program Files (x86)'
    'ProgramW6432' => 'C:\\Program Files'
    'PROMPT' => '$P$G'
    'PSModulePath' => 'C:\\Windows\\system32\\WindowsPowerShell\\v1.0\\Modules\\'
    'PUBLIC' => 'C:\\Users\\Public'
    'ShellLaunch{A81BA54B-CCFE-4204-8E79-A68C0FDFA5CF}' => 'ShellExt'
    'SystemDrive' => 'C:'
    'SystemRoot' => 'C:\\Windows'
    'TEMP' => 'C:\\Users\\Amp\\AppData\\Local\\Temp'
    'TMP' => 'C:\\Users\\Amp\\AppData\\Local\\Temp'
    'USERDOMAIN' => 'Amp-PC'
    'USERNAME' => 'Amp'
    'USERPROFILE' => 'C:\\Users\\Amp'
    'VBOX_MSI_INSTALL_PATH' => 'C:\\Program Files\\Oracle\\VirtualBox\\'
    'windir' => 'C:\\Windows'
    'windows_tracing_flags' => '3'
    'windows_tracing_logfile' => 'C:\\BVTBin\\Tests\\installpackage\\csilogfile.log'
    'YII_PATH' => 'D:\\XAMPP\\htdocs\\version2\\version1\\'
    'PHP_SELF' => 'D:\\XAMPP\\htdocs\\version2\\version1\\yii'
    'SCRIPT_NAME' => 'D:\\XAMPP\\htdocs\\version2\\version1\\yii'
    'SCRIPT_FILENAME' => 'D:\\XAMPP\\htdocs\\version2\\version1\\yii'
    'PATH_TRANSLATED' => 'D:\\XAMPP\\htdocs\\version2\\version1\\yii'
    'DOCUMENT_ROOT' => ''
    'REQUEST_TIME_FLOAT' => 1497880453.654
    'REQUEST_TIME' => 1497880453
    'argv' => [
        0 => 'D:\\XAMPP\\htdocs\\version2\\version1\\yii'
    ]
    'argc' => 1
]
2017-06-19 21:54:14 [-][-][-][error][ReflectionException] exception 'ReflectionException' with message 'Class console\controllers\BackendActions\GameRobotRechargeAction does not exist' in D:\XAMPP\htdocs\version2\version1\vendor\yiisoft\yii2\di\Container.php:417
Stack trace:
#0 D:\XAMPP\htdocs\version2\version1\vendor\yiisoft\yii2\di\Container.php(417): ReflectionClass->__construct('console\\control...')
#1 D:\XAMPP\htdocs\version2\version1\vendor\yiisoft\yii2\di\Container.php(360): yii\di\Container->getDependencies('console\\control...')
#2 D:\XAMPP\htdocs\version2\version1\vendor\yiisoft\yii2\di\Container.php(153): yii\di\Container->build('console\\control...', Array, Array)
#3 D:\XAMPP\htdocs\version2\version1\vendor\yiisoft\yii2\BaseYii.php(340): yii\di\Container->get('console\\control...', Array)
#4 D:\XAMPP\htdocs\version2\version1\vendor\yiisoft\yii2\base\Controller.php(222): yii\BaseYii::createObject('console\\control...', Array)
#5 D:\XAMPP\htdocs\version2\version1\vendor\yiisoft\yii2\console\controllers\HelpController.php(230): yii\base\Controller->createAction('robotcharge')
#6 D:\XAMPP\htdocs\version2\version1\vendor\yiisoft\yii2\console\controllers\HelpController.php(67): yii\console\controllers\HelpController->getDefaultHelp()
#7 [internal function]: yii\console\controllers\HelpController->actionIndex(NULL)
#8 D:\XAMPP\htdocs\version2\version1\vendor\yiisoft\yii2\base\InlineAction.php(55): call_user_func_array(Array, Array)
#9 D:\XAMPP\htdocs\version2\version1\vendor\yiisoft\yii2\base\Controller.php(154): yii\base\InlineAction->runWithParams(Array)
#10 D:\XAMPP\htdocs\version2\version1\vendor\yiisoft\yii2\console\Controller.php(108): yii\base\Controller->runAction('', Array)
#11 D:\XAMPP\htdocs\version2\version1\vendor\yiisoft\yii2\base\Module.php(454): yii\console\Controller->runAction('', Array)
#12 D:\XAMPP\htdocs\version2\version1\vendor\yiisoft\yii2\console\Application.php(167): yii\base\Module->runAction('', Array)
#13 D:\XAMPP\htdocs\version2\version1\vendor\yiisoft\yii2\console\Application.php(143): yii\console\Application->runAction('', Array)
#14 D:\XAMPP\htdocs\version2\version1\vendor\yiisoft\yii2\base\Application.php(378): yii\console\Application->handleRequest(Object(yii\console\Request))
#15 D:\XAMPP\htdocs\version2\version1\yii(27): yii\base\Application->run()
#16 {main}
2017-06-19 21:54:14 [-][-][-][info][application] $_SERVER = [
    '#envTSLOGPTGoBase647100' => '1635344'
    '#envTSLOGRBCShellExt7100' => '46236304'
    'ALLUSERSPROFILE' => 'C:\\ProgramData'
    'APPDATA' => 'C:\\Users\\Amp\\AppData\\Roaming'
    'asl_log' => 'Destination=file'
    'CommonProgramFiles' => 'C:\\Program Files (x86)\\Common Files'
    'CommonProgramFiles(x86)' => 'C:\\Program Files (x86)\\Common Files'
    'CommonProgramW6432' => 'C:\\Program Files\\Common Files'
    'COMPUTERNAME' => 'AMP-PC'
    'ComSpec' => 'C:\\Windows\\system32\\cmd.exe'
    'FP_NO_HOST_CHECK' => 'NO'
    'HOMEDRIVE' => 'C:'
    'HOMEPATH' => '\\Users\\Amp'
    'LOCALAPPDATA' => 'C:\\Users\\Amp\\AppData\\Local'
    'LOGONSERVER' => '\\\\AMP-PC'
    'NUMBER_OF_PROCESSORS' => '4'
    'OS' => 'Windows_NT'
    'Path' => 'C:\\ProgramData\\Oracle\\Java\\javapath;C:\\Windows\\system32;C:\\Windows;C:\\Windows\\System32\\Wbem;C:\\Windows\\System32\\WindowsPowerShell\\v1.0\\;C:\\Program Files (x86)\\NVIDIA Corporation\\PhysX\\Common;C:\\Program Files\\TortoiseSVN\\bin;C:\\Program Files (x86)\\Skype\\Phone\\;D:\\XAMPP\\php;C:\\ProgramData\\ComposerSetup\\bin'
    'PATHEXT' => '.COM;.EXE;.BAT;.CMD;.VBS;.VBE;.JS;.JSE;.WSF;.WSH;.MSC'
    'PHP_COMMAND' => 'php.exe'
    'PROCESSOR_ARCHITECTURE' => 'x86'
    'PROCESSOR_ARCHITEW6432' => 'AMD64'
    'PROCESSOR_IDENTIFIER' => 'Intel64 Family 6 Model 60 Stepping 3, GenuineIntel'
    'PROCESSOR_LEVEL' => '6'
    'PROCESSOR_REVISION' => '3c03'
    'ProgramData' => 'C:\\ProgramData'
    'ProgramFiles' => 'C:\\Program Files (x86)'
    'ProgramFiles(x86)' => 'C:\\Program Files (x86)'
    'ProgramW6432' => 'C:\\Program Files'
    'PROMPT' => '$P$G'
    'PSModulePath' => 'C:\\Windows\\system32\\WindowsPowerShell\\v1.0\\Modules\\'
    'PUBLIC' => 'C:\\Users\\Public'
    'ShellLaunch{A81BA54B-CCFE-4204-8E79-A68C0FDFA5CF}' => 'ShellExt'
    'SystemDrive' => 'C:'
    'SystemRoot' => 'C:\\Windows'
    'TEMP' => 'C:\\Users\\Amp\\AppData\\Local\\Temp'
    'TMP' => 'C:\\Users\\Amp\\AppData\\Local\\Temp'
    'USERDOMAIN' => 'Amp-PC'
    'USERNAME' => 'Amp'
    'USERPROFILE' => 'C:\\Users\\Amp'
    'VBOX_MSI_INSTALL_PATH' => 'C:\\Program Files\\Oracle\\VirtualBox\\'
    'windir' => 'C:\\Windows'
    'windows_tracing_flags' => '3'
    'windows_tracing_logfile' => 'C:\\BVTBin\\Tests\\installpackage\\csilogfile.log'
    'YII_PATH' => 'D:\\XAMPP\\htdocs\\version2\\version1\\'
    'PHP_SELF' => 'D:\\XAMPP\\htdocs\\version2\\version1\\yii'
    'SCRIPT_NAME' => 'D:\\XAMPP\\htdocs\\version2\\version1\\yii'
    'SCRIPT_FILENAME' => 'D:\\XAMPP\\htdocs\\version2\\version1\\yii'
    'PATH_TRANSLATED' => 'D:\\XAMPP\\htdocs\\version2\\version1\\yii'
    'DOCUMENT_ROOT' => ''
    'REQUEST_TIME_FLOAT' => 1497880454.7094
    'REQUEST_TIME' => 1497880454
    'argv' => [
        0 => 'D:\\XAMPP\\htdocs\\version2\\version1\\yii'
    ]
    'argc' => 1
]
